<?xml version="1.0" encoding="UTF-8"?>
<!-- Generated by org.testng.reporters.JUnitXMLReporter -->
<testsuite hostname="LAPTOP-NQ28SJGQ" ignored="10" name="Test1" tests="12" failures="0" timestamp="2021-08-20T00:06:23 IST" time="164.981" errors="0">
  <testcase name="verifyPageTitle" time="0.069" classname="com.bookkeeper.testCases.HomepageTest"/>
  <testcase name="verifyDropdownOptionsDisplayed" time="0.506" classname="com.bookkeeper.testCases.HomepageTest"/>
  <testcase name="verifyAllDropdownOptionsDisplayed" time="0.053" classname="com.bookkeeper.testCases.HomepageTest"/>
  <testcase name="verifyPageTitle" time="0.015" classname="com.bookkeeper.testCases.RegisterTest"/>
  <testcase name="verifyPageTitle" time="0.013" classname="com.bookkeeper.testCases.LoginTest"/>
  <testcase name="verifyAvailableRoles" time="27.072" classname="com.bookkeeper.testCases.BookkeeperDashboardTest"/>
  <testcase name="verifyLogOut" time="3.667" classname="com.bookkeeper.testCases.BookkeeperDashboardTest"/>
  <testcase name="verifySideNavOptions" time="1.828" classname="com.bookkeeper.testCases.CustomerDashboardTest"/>
  <testcase name="verifyUserIsAbleToNavigateToInvoices" time="1.762" classname="com.bookkeeper.testCases.CustomerDashboardTest"/>
  <testcase name="verifyUserIsAbleToNavigateToPayments" time="1.785" classname="com.bookkeeper.testCases.CustomerDashboardTest"/>
  <testcase name="verifySideNavOptions" time="1.594" classname="com.bookkeeper.testCases.ManagerDashboardTest"/>
  <testcase name="verifyUserIsAbleToPerformLogout" time="3.662" classname="com.bookkeeper.testCases.ManagerDashboardTest"/>
  <testcase name="@AfterSuite endReport" time="0.0" classname="com.bookkeeper.testBase.TestBase">
    <ignored/>
  </testcase> <!-- @AfterSuite endReport -->
  <testcase name="@AfterSuite endReport" time="0.0" classname="com.bookkeeper.testBase.TestBase">
    <ignored/>
  </testcase> <!-- @AfterSuite endReport -->
  <testcase name="@AfterSuite endReport" time="0.0" classname="com.bookkeeper.testBase.TestBase">
    <ignored/>
  </testcase> <!-- @AfterSuite endReport -->
  <testcase name="@AfterSuite endReport" time="0.0" classname="com.bookkeeper.testBase.TestBase">
    <ignored/>
  </testcase> <!-- @AfterSuite endReport -->
  <testcase name="@AfterSuite endReport" time="0.0" classname="com.bookkeeper.testBase.TestBase">
    <ignored/>
  </testcase> <!-- @AfterSuite endReport -->
  <testcase name="@BeforeSuite setLog4j" time="0.0" classname="com.bookkeeper.testBase.TestBase">
    <ignored/>
  </testcase> <!-- @BeforeSuite setLog4j -->
  <testcase name="@BeforeSuite setLog4j" time="0.0" classname="com.bookkeeper.testBase.TestBase">
    <ignored/>
  </testcase> <!-- @BeforeSuite setLog4j -->
  <testcase name="@BeforeSuite setLog4j" time="0.0" classname="com.bookkeeper.testBase.TestBase">
    <ignored/>
  </testcase> <!-- @BeforeSuite setLog4j -->
  <testcase name="@BeforeSuite setLog4j" time="0.0" classname="com.bookkeeper.testBase.TestBase">
    <ignored/>
  </testcase> <!-- @BeforeSuite setLog4j -->
  <testcase name="@BeforeSuite setLog4j" time="0.0" classname="com.bookkeeper.testBase.TestBase">
    <ignored/>
  </testcase> <!-- @BeforeSuite setLog4j -->
</testsuite> <!-- Test1 -->
