<?xml version="1.0" encoding="UTF-8"?>
<!-- Generated by org.testng.reporters.JUnitXMLReporter -->
<testsuite hostname="LAPTOP-NQ28SJGQ" ignored="2" name="Default test" tests="1" failures="0" timestamp="2021-08-18T22:51:05 IST" time="40.742" errors="0">
  <testcase name="verifyAvailableRoles" time="22.814" classname="com.bookkeeper.testCases.BookkeeperDashboardTest"/>
  <testcase name="verifyLogOut" time="0.0" classname="com.bookkeeper.testCases.BookkeeperDashboardTest">
    <ignored/>
  </testcase> <!-- verifyLogOut -->
  <testcase name="verifyUserIsAbleToLoginToDashboard" time="0.0" classname="com.bookkeeper.testCases.BookkeeperDashboardTest">
    <ignored/>
  </testcase> <!-- verifyUserIsAbleToLoginToDashboard -->
</testsuite> <!-- Default test -->
